<?xml version="1.0" encoding="UTF-8"?>
<testng-results ignored="0" total="2" passed="2" failed="0" skipped="0">
  <reporter-output>
  </reporter-output>
  <suite started-at="2023-02-10T19:24:33 IST" name="Default suite" finished-at="2023-02-10T19:25:36 IST" duration-ms="62416">
    <groups>
      <group name="Sanity">
        <method signature="LoginTest.VerifyUrlOfLoginpage()[pri:2, instance:test.LoginTest@429bffaa]" name="VerifyUrlOfLoginpage" class="test.LoginTest"/>
      </group> <!-- Sanity -->
      <group name="regression">
        <method signature="LoginTest.VerifyUrlOfLoginpage()[pri:2, instance:test.LoginTest@429bffaa]" name="VerifyUrlOfLoginpage" class="test.LoginTest"/>
      </group> <!-- regression -->
      <group name="Regression">
        <method signature="LoginTest.verifyLoginPage()[pri:0, instance:test.LoginTest@429bffaa]" name="verifyLoginPage" class="test.LoginTest"/>
      </group> <!-- Regression -->
      <group name="Smoke">
        <method signature="LoginTest.verifyLoginPage()[pri:0, instance:test.LoginTest@429bffaa]" name="verifyLoginPage" class="test.LoginTest"/>
      </group> <!-- Smoke -->
    </groups>
    <test started-at="2023-02-10T19:24:33 IST" name="Default test" finished-at="2023-02-10T19:25:36 IST" duration-ms="62416">
      <class name="test.LoginTest">
        <test-method is-config="true" signature="InitBrowser()[pri:0, instance:test.LoginTest@429bffaa]" started-at="2023-02-10T19:24:33 IST" name="InitBrowser" finished-at="2023-02-10T19:25:34 IST" duration-ms="61042" status="PASS">
          <reporter-output>
          </reporter-output>
        </test-method> <!-- InitBrowser -->
        <test-method is-config="true" signature="PageObject()[pri:0, instance:test.LoginTest@429bffaa]" started-at="2023-02-10T19:25:34 IST" name="PageObject" finished-at="2023-02-10T19:25:34 IST" duration-ms="22" status="PASS">
          <reporter-output>
          </reporter-output>
        </test-method> <!-- PageObject -->
        <test-method signature="verifyLoginPage()[pri:0, instance:test.LoginTest@429bffaa]" started-at="2023-02-10T19:25:34 IST" name="verifyLoginPage" finished-at="2023-02-10T19:25:35 IST" duration-ms="640" status="PASS">
          <reporter-output>
          </reporter-output>
        </test-method> <!-- verifyLoginPage -->
        <test-method signature="VerifyUrlOfLoginpage()[pri:2, instance:test.LoginTest@429bffaa]" started-at="2023-02-10T19:25:35 IST" name="VerifyUrlOfLoginpage" finished-at="2023-02-10T19:25:35 IST" duration-ms="10" status="PASS">
          <reporter-output>
          </reporter-output>
        </test-method> <!-- VerifyUrlOfLoginpage -->
        <test-method is-config="true" signature="TearDownEnvironment()[pri:0, instance:test.LoginTest@429bffaa]" started-at="2023-02-10T19:25:35 IST" name="TearDownEnvironment" finished-at="2023-02-10T19:25:36 IST" duration-ms="663" status="PASS">
          <reporter-output>
          </reporter-output>
        </test-method> <!-- TearDownEnvironment -->
      </class> <!-- test.LoginTest -->
    </test> <!-- Default test -->
  </suite> <!-- Default suite -->
</testng-results>
